
ROM used:   675/4096 (16%)
            675/4096 (16%) including unused fragments

            0.2 Average locations per line
            1.1 Average locations per statement

RAM used:   27/254 (11%) at main() level
            33/254 (13%) worst case

Stack used: 3 worst case (1 in main + 2 for interrupts)
Stack size: 8

Lines Stmts  %   Files
----- ----- ---  -----
  157   126  20  TX_ROOTS.c
  718     0   0  ..\..\Program Files (x86)\PICC\Devices\16f690.h
 1351   359  57  ..\..\Program Files (x86)\PICC\Drivers\stdlib.h
   32     0   0  ..\..\Program Files (x86)\PICC\Drivers\stddef.h
  423   125  20  ..\..\Program Files (x86)\PICC\Drivers\string.h
   28     0   0  ..\..\Program Files (x86)\PICC\Drivers\ctype.h
  329    25   4  ..\..\Program Files (x86)\PICC\Drivers\internal_eeprom.c
----- -----
 3038   635 Total

Page ROM  %  RAM   Vol Diff  Functions:
---- --- --- ---   --- ----  ----------
0     20   3    1             @delay_ms1
0     11   2    0             @GETCH_BIU_1
0     14   2    1   123  2.6  RDA_isr
0    448  66    0  4540  4.4  MAIN
0      9   1    0             @const903
0     90  13    5             @PSTRINGCN7_9600_55_53
 Inline         0             @cinit1

Program metrics:
    Functions               2
    Statements              635
    Comments                1013
    Volume (V)              4844
    Difficulty (D)          7.2
    Effort to implement (E) 35050
    Time to implement (T)   32 minutes
    Est Delivered Bugs (B)  0
    Cyclomatic Complexity   10
    Maintainability (MI)    21

 Segment     Used  Free
-----------  ----  ----
00000-00003     4  0  
00004-00052    79  0  
00053-007FF   592  1373  
00800-00FFF     0  2048  



