
ROM used:   667/4096 (16%)
            667/4096 (16%) including unused fragments

            0.2 Average locations per line
            1.1 Average locations per statement

RAM used:   27/254 (11%) at main() level
            33/254 (13%) worst case

Stack used: 3 worst case (1 in main + 2 for interrupts)
Stack size: 8

Lines Stmts  %   Files
----- ----- ---  -----
  131    88  15  RX_Roots.c
  718     0   0  ..\..\Program Files (x86)\PICC\Devices\16f690.h
 1351   359  60  ..\..\Program Files (x86)\PICC\Drivers\stdlib.h
   32     0   0  ..\..\Program Files (x86)\PICC\Drivers\stddef.h
  423   125  21  ..\..\Program Files (x86)\PICC\Drivers\string.h
   28     0   0  ..\..\Program Files (x86)\PICC\Drivers\ctype.h
  329    25   4  ..\..\Program Files (x86)\PICC\Drivers\internal_eeprom.c
----- -----
 3012   597 Total

Page ROM  %  RAM   Vol Diff  Functions:
---- --- --- ---   --- ----  ----------
0     20   3    1             @delay_ms1
0     11   2    0             @GETCH_BIU_1
0     14   2    1   123  2.6  RDA_isr
0    341  51    0  2881  4.4  MAIN
0     10   1    0             @const903
0     89  13    4             @PSTRINGC7_9600_55_53
0      9   1    0             @const905
0     90  13    5             @PSTRINGCN7_9600_55_53
 Inline         0             @cinit1

Program metrics:
    Functions               2
    Statements              597
    Comments                1011
    Volume (V)              3174
    Difficulty (D)          7.1
    Effort to implement (E) 22394
    Time to implement (T)   21 minutes
    Est Delivered Bugs (B)  0
    Cyclomatic Complexity   12
    Maintainability (MI)    25

 Segment     Used  Free
-----------  ----  ----
00000-00003     4  0  
00004-00052    79  0  
00053-007FF   584  1381  
00800-00FFF     0  2048  



